=2014-03-11 18:57:52,419 INFO  [main] context.ContextLoader (ContextLoader.java:272)     - Root WebApplicationContext: initialization started
=2014-03-11 18:57:52,516 INFO  [main] support.XmlWebApplicationContext (AbstractApplicationContext.java:510)     - Refreshing Root WebApplicationContext: startup date [Tue Mar 11 18:57:52 CST 2014]; root of context hierarchy
=2014-03-11 18:57:52,573 INFO  [main] xml.XmlBeanDefinitionReader (XmlBeanDefinitionReader.java:315)     - Loading XML bean definitions from ServletContext resource [/WEB-INF/spring/root-context.xml]
=2014-03-11 18:57:52,688 DEBUG [main] support.UiApplicationContextUtils (UiApplicationContextUtils.java:85)     - Unable to locate ThemeSource with name 'themeSource': using default [org.springframework.ui.context.support.ResourceBundleThemeSource@ad8bb4]
=2014-03-11 18:57:52,689 INFO  [main] support.DefaultListableBeanFactory (DefaultListableBeanFactory.java:577)     - Pre-instantiating singletons in org.springframework.beans.factory.support.DefaultListableBeanFactory@97aaa6: defining beans []; root of factory hierarchy
=2014-03-11 18:57:52,694 DEBUG [main] jndi.JndiTemplate (JndiTemplate.java:150)     - Looking up JNDI object with name [java:comp/env/spring.liveBeansView.mbeanDomain]
=2014-03-11 18:57:52,695 DEBUG [main] jndi.JndiLocatorDelegate (JndiLocatorSupport.java:101)     - Converted JNDI name [java:comp/env/spring.liveBeansView.mbeanDomain] not found - trying original name [spring.liveBeansView.mbeanDomain]. javax.naming.NameNotFoundException: Name spring.liveBeansView.mbeanDomain is not bound in this Context
=2014-03-11 18:57:52,697 DEBUG [main] jndi.JndiTemplate (JndiTemplate.java:150)     - Looking up JNDI object with name [spring.liveBeansView.mbeanDomain]
=2014-03-11 18:57:52,697 DEBUG [main] jndi.JndiPropertySource (JndiPropertySource.java:87)     - JNDI lookup for name [spring.liveBeansView.mbeanDomain] threw NamingException with message: Name spring.liveBeansView.mbeanDomain is not bound in this Context. Returning null.
=2014-03-11 18:57:52,698 INFO  [main] context.ContextLoader (ContextLoader.java:301)     - Root WebApplicationContext: initialization completed in 277 ms
=2014-03-11 18:57:52,775 INFO  [main] servlet.DispatcherServlet (FrameworkServlet.java:453)     - FrameworkServlet 'appServlet': initialization started
=2014-03-11 18:57:52,776 DEBUG [main] jndi.JndiTemplate (JndiTemplate.java:150)     - Looking up JNDI object with name [java:comp/env/spring.profiles.active]
=2014-03-11 18:57:52,777 DEBUG [main] jndi.JndiLocatorDelegate (JndiLocatorSupport.java:101)     - Converted JNDI name [java:comp/env/spring.profiles.active] not found - trying original name [spring.profiles.active]. javax.naming.NameNotFoundException: Name spring.profiles.active is not bound in this Context
=2014-03-11 18:57:52,777 DEBUG [main] jndi.JndiTemplate (JndiTemplate.java:150)     - Looking up JNDI object with name [spring.profiles.active]
=2014-03-11 18:57:52,778 DEBUG [main] jndi.JndiPropertySource (JndiPropertySource.java:87)     - JNDI lookup for name [spring.profiles.active] threw NamingException with message: Name spring.profiles.active is not bound in this Context. Returning null.
=2014-03-11 18:57:52,779 DEBUG [main] jndi.JndiTemplate (JndiTemplate.java:150)     - Looking up JNDI object with name [java:comp/env/spring.profiles.default]
=2014-03-11 18:57:52,779 DEBUG [main] jndi.JndiLocatorDelegate (JndiLocatorSupport.java:101)     - Converted JNDI name [java:comp/env/spring.profiles.default] not found - trying original name [spring.profiles.default]. javax.naming.NameNotFoundException: Name spring.profiles.default is not bound in this Context
=2014-03-11 18:57:52,780 DEBUG [main] jndi.JndiTemplate (JndiTemplate.java:150)     - Looking up JNDI object with name [spring.profiles.default]
=2014-03-11 18:57:52,780 DEBUG [main] jndi.JndiPropertySource (JndiPropertySource.java:87)     - JNDI lookup for name [spring.profiles.default] threw NamingException with message: Name spring.profiles.default is not bound in this Context. Returning null.
=2014-03-11 18:57:52,781 DEBUG [main] jndi.JndiTemplate (JndiTemplate.java:150)     - Looking up JNDI object with name [java:comp/env/spring.profiles.default]
=2014-03-11 18:57:52,782 DEBUG [main] jndi.JndiLocatorDelegate (JndiLocatorSupport.java:101)     - Converted JNDI name [java:comp/env/spring.profiles.default] not found - trying original name [spring.profiles.default]. javax.naming.NameNotFoundException: Name spring.profiles.default is not bound in this Context
=2014-03-11 18:57:52,782 DEBUG [main] jndi.JndiTemplate (JndiTemplate.java:150)     - Looking up JNDI object with name [spring.profiles.default]
=2014-03-11 18:57:52,782 DEBUG [main] jndi.JndiPropertySource (JndiPropertySource.java:87)     - JNDI lookup for name [spring.profiles.default] threw NamingException with message: Name spring.profiles.default is not bound in this Context. Returning null.
=2014-03-11 18:57:52,785 INFO  [main] support.XmlWebApplicationContext (AbstractApplicationContext.java:510)     - Refreshing WebApplicationContext for namespace 'appServlet-servlet': startup date [Tue Mar 11 18:57:52 CST 2014]; parent: Root WebApplicationContext
=2014-03-11 18:57:52,788 INFO  [main] xml.XmlBeanDefinitionReader (XmlBeanDefinitionReader.java:315)     - Loading XML bean definitions from ServletContext resource [/WEB-INF/spring/appServlet/servlet-context.xml]
=2014-03-11 18:57:52,920 INFO  [main] annotation.ClassPathBeanDefinitionScanner (ClassPathScanningCandidateComponentProvider.java:230)     - JSR-330 'javax.inject.Named' annotation found and supported for component scanning
=2014-03-11 18:57:53,204 INFO  [main] support.PropertySourcesPlaceholderConfigurer (PropertiesLoaderSupport.java:177)     - Loading properties file from class path resource [mysql.properties]
=2014-03-11 18:57:53,209 DEBUG [main] jndi.JndiTemplate (JndiTemplate.java:150)     - Looking up JNDI object with name [java:comp/env/jdbc.driverClassName]
=2014-03-11 18:57:53,209 DEBUG [main] jndi.JndiLocatorDelegate (JndiLocatorSupport.java:101)     - Converted JNDI name [java:comp/env/jdbc.driverClassName] not found - trying original name [jdbc.driverClassName]. javax.naming.NameNotFoundException: Name jdbc.driverClassName is not bound in this Context
=2014-03-11 18:57:53,210 DEBUG [main] jndi.JndiTemplate (JndiTemplate.java:150)     - Looking up JNDI object with name [jdbc.driverClassName]
=2014-03-11 18:57:53,211 DEBUG [main] jndi.JndiPropertySource (JndiPropertySource.java:87)     - JNDI lookup for name [jdbc.driverClassName] threw NamingException with message: Name jdbc.driverClassName is not bound in this Context. Returning null.
=2014-03-11 18:57:53,213 DEBUG [main] jndi.JndiTemplate (JndiTemplate.java:150)     - Looking up JNDI object with name [java:comp/env/jdbc.url]
=2014-03-11 18:57:53,214 DEBUG [main] jndi.JndiLocatorDelegate (JndiLocatorSupport.java:101)     - Converted JNDI name [java:comp/env/jdbc.url] not found - trying original name [jdbc.url]. javax.naming.NameNotFoundException: Name jdbc.url is not bound in this Context
=2014-03-11 18:57:53,214 DEBUG [main] jndi.JndiTemplate (JndiTemplate.java:150)     - Looking up JNDI object with name [jdbc.url]
=2014-03-11 18:57:53,215 DEBUG [main] jndi.JndiPropertySource (JndiPropertySource.java:87)     - JNDI lookup for name [jdbc.url] threw NamingException with message: Name jdbc.url is not bound in this Context. Returning null.
=2014-03-11 18:57:53,238 DEBUG [main] mapper.MapperScannerConfigurer$Scanner (ClassPathScanningCandidateComponentProvider.java:264)     - Identified candidate component class: file [D:\github\MembershipApplication\target\classes\com\dandelion\membership\dao\data\ApplicantMapper.class]
=2014-03-11 18:57:53,239 DEBUG [main] mapper.MapperScannerConfigurer$Scanner (ClassPathScanningCandidateComponentProvider.java:264)     - Identified candidate component class: file [D:\github\MembershipApplication\target\classes\com\dandelion\membership\dao\data\CalendarEventMapper.class]
=2014-03-11 18:57:53,241 DEBUG [main] mapper.MapperScannerConfigurer$Scanner (ClassPathScanningCandidateComponentProvider.java:264)     - Identified candidate component class: file [D:\github\MembershipApplication\target\classes\com\dandelion\membership\dao\data\FieldMapper.class]
=2014-03-11 18:57:53,243 DEBUG [main] mapper.MapperScannerConfigurer$Scanner (ClassPathScanningCandidateComponentProvider.java:264)     - Identified candidate component class: file [D:\github\MembershipApplication\target\classes\com\dandelion\membership\dao\data\MembershipMapper.class]
=2014-03-11 18:57:53,244 DEBUG [main] mapper.MapperScannerConfigurer$Scanner (ClassPathScanningCandidateComponentProvider.java:264)     - Identified candidate component class: file [D:\github\MembershipApplication\target\classes\com\dandelion\membership\dao\data\ReservationMapper.class]
=2014-03-11 18:57:53,245 DEBUG [main] mapper.MapperScannerConfigurer$Scanner (MapperScannerConfigurer.java:227)     - Creating MapperFactoryBean with name 'applicantMapper' and 'com.dandelion.membership.dao.data.ApplicantMapper' mapperInterface
=2014-03-11 18:57:53,246 DEBUG [main] mapper.MapperScannerConfigurer$Scanner (MapperScannerConfigurer.java:227)     - Creating MapperFactoryBean with name 'calendarEventMapper' and 'com.dandelion.membership.dao.data.CalendarEventMapper' mapperInterface
=2014-03-11 18:57:53,247 DEBUG [main] mapper.MapperScannerConfigurer$Scanner (MapperScannerConfigurer.java:227)     - Creating MapperFactoryBean with name 'fieldMapper' and 'com.dandelion.membership.dao.data.FieldMapper' mapperInterface
=2014-03-11 18:57:53,248 DEBUG [main] mapper.MapperScannerConfigurer$Scanner (MapperScannerConfigurer.java:227)     - Creating MapperFactoryBean with name 'membershipMapper' and 'com.dandelion.membership.dao.data.MembershipMapper' mapperInterface
=2014-03-11 18:57:53,248 DEBUG [main] mapper.MapperScannerConfigurer$Scanner (MapperScannerConfigurer.java:227)     - Creating MapperFactoryBean with name 'reservationMapper' and 'com.dandelion.membership.dao.data.ReservationMapper' mapperInterface
=2014-03-11 18:57:53,260 INFO  [main] annotation.AutowiredAnnotationBeanPostProcessor (AutowiredAnnotationBeanPostProcessor.java:140)     - JSR-330 'javax.inject.Inject' annotation found and supported for autowiring
=2014-03-11 18:57:53,279 DEBUG [main] support.UiApplicationContextUtils (UiApplicationContextUtils.java:85)     - Unable to locate ThemeSource with name 'themeSource': using default [org.springframework.ui.context.support.DelegatingThemeSource@601f3f]
=2014-03-11 18:57:53,287 INFO  [main] support.DefaultListableBeanFactory (DefaultListableBeanFactory.java:577)     - Pre-instantiating singletons in org.springframework.beans.factory.support.DefaultListableBeanFactory@1b45ddc: defining beans [org.springframework.web.servlet.mvc.annotation.AnnotationMethodHandlerAdapter#0,mvcContentNegotiationManager,org.springframework.web.servlet.mvc.method.annotation.RequestMappingHandlerMapping#0,org.springframework.format.support.FormattingConversionServiceFactoryBean#0,org.springframework.web.servlet.mvc.method.annotation.RequestMappingHandlerAdapter#0,org.springframework.web.servlet.handler.MappedInterceptor#0,org.springframework.web.servlet.mvc.method.annotation.ExceptionHandlerExceptionResolver#0,org.springframework.web.servlet.mvc.annotation.ResponseStatusExceptionResolver#0,org.springframework.web.servlet.mvc.support.DefaultHandlerExceptionResolver#0,org.springframework.web.servlet.handler.BeanNameUrlHandlerMapping,org.springframework.web.servlet.mvc.HttpRequestHandlerAdapter,org.springframework.web.servlet.mvc.SimpleControllerHandlerAdapter,org.springframework.web.servlet.resource.ResourceHttpRequestHandler#0,org.springframework.web.servlet.handler.SimpleUrlHandlerMapping#0,org.springframework.web.servlet.view.InternalResourceViewResolver#0,multipartResolver,accountController,applicantController,approvalController,dianpingController,fieldController,homeController,memberController,mingdaoController,reservationController,urlController,urlDao,applicantService,approvalService,dianpingService,fieldService,memberService,mingdaoService,reservationService,urlService,org.springframework.context.annotation.internalConfigurationAnnotationProcessor,org.springframework.context.annotation.internalAutowiredAnnotationProcessor,org.springframework.context.annotation.internalRequiredAnnotationProcessor,org.springframework.context.annotation.internalCommonAnnotationProcessor,org.springframework.context.support.PropertySourcesPlaceholderConfigurer#0,com.dandelion.membership.exception.WebserviceErrorResolver#0,dataSource,transactionManager,sqlSessionFactory,org.mybatis.spring.mapper.MapperScannerConfigurer#0,org.springframework.web.servlet.handler.MappedInterceptor#1,org.springframework.web.servlet.handler.MappedInterceptor#2,org.springframework.context.annotation.ConfigurationClassPostProcessor.importAwareProcessor,applicantMapper,calendarEventMapper,fieldMapper,membershipMapper,reservationMapper]; parent: org.springframework.beans.factory.support.DefaultListableBeanFactory@97aaa6
=2014-03-11 18:57:53,579 DEBUG [main] logging.LogFactory (Slf4jImpl.java:28)     - Logging initialized using 'org.apache.ibatis.logging.slf4j.Slf4jImpl' adapter.
=2014-03-11 18:57:53,620 INFO  [main] datasource.DriverManagerDataSource (DriverManagerDataSource.java:153)     - Loaded JDBC driver: com.mysql.jdbc.Driver
=2014-03-11 18:57:53,624 DEBUG [main] spring.SqlSessionFactoryBean (Slf4jImpl.java:28)     - Property 'configLocation' not specified, using default MyBatis Configuration
=2014-03-11 18:57:53,666 DEBUG [main] io.ResolverUtil   (Slf4jImpl.java:28)     - Listing classes in file:/D:/github/MembershipApplication/target/classes/com/dandelion/membership/dao/model
=2014-03-11 18:57:53,667 DEBUG [main] io.ResolverUtil   (Slf4jImpl.java:28)     - Find JAR URL: file:/D:/github/MembershipApplication/target/classes/com/dandelion/membership/dao/model
=2014-03-11 18:57:53,669 DEBUG [main] io.ResolverUtil   (Slf4jImpl.java:28)     - Not a JAR: file:/D:/github/MembershipApplication/target/classes/com/dandelion/membership/dao/model
=2014-03-11 18:57:53,723 DEBUG [main] io.ResolverUtil   (Slf4jImpl.java:28)     - Reader entry: Applicant.class
=2014-03-11 18:57:53,743 DEBUG [main] io.ResolverUtil   (Slf4jImpl.java:28)     - Reader entry: ApplicantExample.class
=2014-03-11 18:57:53,746 DEBUG [main] io.ResolverUtil   (Slf4jImpl.java:28)     - Reader entry: ApplicantExample$Criteria.class
=2014-03-11 18:57:53,747 DEBUG [main] io.ResolverUtil   (Slf4jImpl.java:28)     - Reader entry: ApplicantExample$Criterion.class
=2014-03-11 18:57:53,748 DEBUG [main] io.ResolverUtil   (Slf4jImpl.java:28)     - Reader entry: ApplicantExample$GeneratedCriteria.class
=2014-03-11 18:57:53,749 DEBUG [main] io.ResolverUtil   (Slf4jImpl.java:28)     - Reader entry: ApplicantForm.class
=2014-03-11 18:57:53,762 DEBUG [main] io.ResolverUtil   (Slf4jImpl.java:28)     - Reader entry: CalendarEvent.class
=2014-03-11 18:57:53,764 DEBUG [main] io.ResolverUtil   (Slf4jImpl.java:28)     - Reader entry: CalendarEventExample.class
=2014-03-11 18:57:53,764 DEBUG [main] io.ResolverUtil   (Slf4jImpl.java:28)     - Reader entry: CalendarEventExample$Criteria.class
=2014-03-11 18:57:53,765 DEBUG [main] io.ResolverUtil   (Slf4jImpl.java:28)     - Reader entry: CalendarEventExample$Criterion.class
=2014-03-11 18:57:53,766 DEBUG [main] io.ResolverUtil   (Slf4jImpl.java:28)     - Reader entry: CalendarEventExample$GeneratedCriteria.class
=2014-03-11 18:57:53,767 DEBUG [main] io.ResolverUtil   (Slf4jImpl.java:28)     - Reader entry: Field.class
=2014-03-11 18:57:53,768 DEBUG [main] io.ResolverUtil   (Slf4jImpl.java:28)     - Reader entry: FieldExample.class
=2014-03-11 18:57:53,769 DEBUG [main] io.ResolverUtil   (Slf4jImpl.java:28)     - Reader entry: FieldExample$Criteria.class
=2014-03-11 18:57:53,771 DEBUG [main] io.ResolverUtil   (Slf4jImpl.java:28)     - Reader entry: FieldExample$Criterion.class
=2014-03-11 18:57:53,772 DEBUG [main] io.ResolverUtil   (Slf4jImpl.java:28)     - Reader entry: FieldExample$GeneratedCriteria.class
=2014-03-11 18:57:53,772 DEBUG [main] io.ResolverUtil   (Slf4jImpl.java:28)     - Reader entry: Reservation.class
=2014-03-11 18:57:53,773 DEBUG [main] io.ResolverUtil   (Slf4jImpl.java:28)     - Reader entry: ReservationExample.class
=2014-03-11 18:57:53,774 DEBUG [main] io.ResolverUtil   (Slf4jImpl.java:28)     - Reader entry: ReservationExample$Criteria.class
=2014-03-11 18:57:53,775 DEBUG [main] io.ResolverUtil   (Slf4jImpl.java:28)     - Reader entry: ReservationExample$Criterion.class
=2014-03-11 18:57:53,775 DEBUG [main] io.ResolverUtil   (Slf4jImpl.java:28)     - Reader entry: ReservationExample$GeneratedCriteria.class
=2014-03-11 18:57:53,780 DEBUG [main] io.ResolverUtil   (Slf4jImpl.java:28)     - Reader entry: ReservationForm.class
=2014-03-11 18:57:53,781 DEBUG [main] io.ResolverUtil   (Slf4jImpl.java:28)     - Found class file: com/dandelion/membership/dao/model/Applicant.class
=2014-03-11 18:57:53,786 DEBUG [main] io.ResolverUtil   (Slf4jImpl.java:28)     - Found class file: com/dandelion/membership/dao/model/ApplicantExample.class
=2014-03-11 18:57:53,787 DEBUG [main] io.ResolverUtil   (Slf4jImpl.java:28)     - Found class file: com/dandelion/membership/dao/model/ApplicantExample$Criteria.class
=2014-03-11 18:57:53,787 DEBUG [main] io.ResolverUtil   (Slf4jImpl.java:28)     - Found class file: com/dandelion/membership/dao/model/ApplicantExample$Criterion.class
=2014-03-11 18:57:53,788 DEBUG [main] io.ResolverUtil   (Slf4jImpl.java:28)     - Found class file: com/dandelion/membership/dao/model/ApplicantExample$GeneratedCriteria.class
=2014-03-11 18:57:53,789 DEBUG [main] io.ResolverUtil   (Slf4jImpl.java:28)     - Found class file: com/dandelion/membership/dao/model/ApplicantForm.class
=2014-03-11 18:57:53,809 DEBUG [main] io.ResolverUtil   (Slf4jImpl.java:28)     - Found class file: com/dandelion/membership/dao/model/CalendarEvent.class
=2014-03-11 18:57:53,810 DEBUG [main] io.ResolverUtil   (Slf4jImpl.java:28)     - Found class file: com/dandelion/membership/dao/model/CalendarEventExample.class
=2014-03-11 18:57:53,811 DEBUG [main] io.ResolverUtil   (Slf4jImpl.java:28)     - Found class file: com/dandelion/membership/dao/model/CalendarEventExample$Criteria.class
=2014-03-11 18:57:53,812 DEBUG [main] io.ResolverUtil   (Slf4jImpl.java:28)     - Found class file: com/dandelion/membership/dao/model/CalendarEventExample$Criterion.class
=2014-03-11 18:57:53,813 DEBUG [main] io.ResolverUtil   (Slf4jImpl.java:28)     - Found class file: com/dandelion/membership/dao/model/CalendarEventExample$GeneratedCriteria.class
=2014-03-11 18:57:53,814 DEBUG [main] io.ResolverUtil   (Slf4jImpl.java:28)     - Found class file: com/dandelion/membership/dao/model/Field.class
=2014-03-11 18:57:53,814 DEBUG [main] io.ResolverUtil   (Slf4jImpl.java:28)     - Found class file: com/dandelion/membership/dao/model/FieldExample.class
=2014-03-11 18:57:53,816 DEBUG [main] io.ResolverUtil   (Slf4jImpl.java:28)     - Found class file: com/dandelion/membership/dao/model/FieldExample$Criteria.class
=2014-03-11 18:57:53,817 DEBUG [main] io.ResolverUtil   (Slf4jImpl.java:28)     - Found class file: com/dandelion/membership/dao/model/FieldExample$Criterion.class
=2014-03-11 18:57:53,818 DEBUG [main] io.ResolverUtil   (Slf4jImpl.java:28)     - Found class file: com/dandelion/membership/dao/model/FieldExample$GeneratedCriteria.class
=2014-03-11 18:57:53,819 DEBUG [main] io.ResolverUtil   (Slf4jImpl.java:28)     - Found class file: com/dandelion/membership/dao/model/Reservation.class
=2014-03-11 18:57:53,820 DEBUG [main] io.ResolverUtil   (Slf4jImpl.java:28)     - Found class file: com/dandelion/membership/dao/model/ReservationExample.class
=2014-03-11 18:57:53,821 DEBUG [main] io.ResolverUtil   (Slf4jImpl.java:28)     - Found class file: com/dandelion/membership/dao/model/ReservationExample$Criteria.class
=2014-03-11 18:57:53,822 DEBUG [main] io.ResolverUtil   (Slf4jImpl.java:28)     - Found class file: com/dandelion/membership/dao/model/ReservationExample$Criterion.class
=2014-03-11 18:57:53,824 DEBUG [main] io.ResolverUtil   (Slf4jImpl.java:28)     - Found class file: com/dandelion/membership/dao/model/ReservationExample$GeneratedCriteria.class
=2014-03-11 18:57:53,825 DEBUG [main] io.ResolverUtil   (Slf4jImpl.java:28)     - Found class file: com/dandelion/membership/dao/model/ReservationForm.class
=2014-03-11 18:57:53,826 DEBUG [main] io.ResolverUtil   (Slf4jImpl.java:28)     - Checking to see if class com.dandelion.membership.dao.model.Applicant matches criteria [is assignable to Object]
=2014-03-11 18:57:53,828 DEBUG [main] io.ResolverUtil   (Slf4jImpl.java:28)     - Checking to see if class com.dandelion.membership.dao.model.ApplicantExample matches criteria [is assignable to Object]
=2014-03-11 18:57:53,843 DEBUG [main] io.ResolverUtil   (Slf4jImpl.java:28)     - Checking to see if class com.dandelion.membership.dao.model.ApplicantExample$Criteria matches criteria [is assignable to Object]
=2014-03-11 18:57:53,848 DEBUG [main] io.ResolverUtil   (Slf4jImpl.java:28)     - Checking to see if class com.dandelion.membership.dao.model.ApplicantExample$Criterion matches criteria [is assignable to Object]
=2014-03-11 18:57:53,869 DEBUG [main] io.ResolverUtil   (Slf4jImpl.java:28)     - Checking to see if class com.dandelion.membership.dao.model.ApplicantExample$GeneratedCriteria matches criteria [is assignable to Object]
=2014-03-11 18:57:53,870 DEBUG [main] io.ResolverUtil   (Slf4jImpl.java:28)     - Checking to see if class com.dandelion.membership.dao.model.ApplicantForm matches criteria [is assignable to Object]
=2014-03-11 18:57:53,890 DEBUG [main] io.ResolverUtil   (Slf4jImpl.java:28)     - Checking to see if class com.dandelion.membership.dao.model.CalendarEvent matches criteria [is assignable to Object]
=2014-03-11 18:57:53,892 DEBUG [main] io.ResolverUtil   (Slf4jImpl.java:28)     - Checking to see if class com.dandelion.membership.dao.model.CalendarEventExample matches criteria [is assignable to Object]
=2014-03-11 18:57:53,893 DEBUG [main] io.ResolverUtil   (Slf4jImpl.java:28)     - Checking to see if class com.dandelion.membership.dao.model.CalendarEventExample$Criteria matches criteria [is assignable to Object]
=2014-03-11 18:57:53,896 DEBUG [main] io.ResolverUtil   (Slf4jImpl.java:28)     - Checking to see if class com.dandelion.membership.dao.model.CalendarEventExample$Criterion matches criteria [is assignable to Object]
=2014-03-11 18:57:53,898 DEBUG [main] io.ResolverUtil   (Slf4jImpl.java:28)     - Checking to see if class com.dandelion.membership.dao.model.CalendarEventExample$GeneratedCriteria matches criteria [is assignable to Object]
=2014-03-11 18:57:53,899 DEBUG [main] io.ResolverUtil   (Slf4jImpl.java:28)     - Checking to see if class com.dandelion.membership.dao.model.Field matches criteria [is assignable to Object]
=2014-03-11 18:57:53,900 DEBUG [main] io.ResolverUtil   (Slf4jImpl.java:28)     - Checking to see if class com.dandelion.membership.dao.model.FieldExample matches criteria [is assignable to Object]
=2014-03-11 18:57:53,900 DEBUG [main] io.ResolverUtil   (Slf4jImpl.java:28)     - Checking to see if class com.dandelion.membership.dao.model.FieldExample$Criteria matches criteria [is assignable to Object]
=2014-03-11 18:57:53,903 DEBUG [main] io.ResolverUtil   (Slf4jImpl.java:28)     - Checking to see if class com.dandelion.membership.dao.model.FieldExample$Criterion matches criteria [is assignable to Object]
=2014-03-11 18:57:53,904 DEBUG [main] io.ResolverUtil   (Slf4jImpl.java:28)     - Checking to see if class com.dandelion.membership.dao.model.FieldExample$GeneratedCriteria matches criteria [is assignable to Object]
=2014-03-11 18:57:53,904 DEBUG [main] io.ResolverUtil   (Slf4jImpl.java:28)     - Checking to see if class com.dandelion.membership.dao.model.Reservation matches criteria [is assignable to Object]
=2014-03-11 18:57:53,905 DEBUG [main] io.ResolverUtil   (Slf4jImpl.java:28)     - Checking to see if class com.dandelion.membership.dao.model.ReservationExample matches criteria [is assignable to Object]
=2014-03-11 18:57:53,908 DEBUG [main] io.ResolverUtil   (Slf4jImpl.java:28)     - Checking to see if class com.dandelion.membership.dao.model.ReservationExample$Criteria matches criteria [is assignable to Object]
=2014-03-11 18:57:53,920 DEBUG [main] io.ResolverUtil   (Slf4jImpl.java:28)     - Checking to see if class com.dandelion.membership.dao.model.ReservationExample$Criterion matches criteria [is assignable to Object]
=2014-03-11 18:57:53,921 DEBUG [main] io.ResolverUtil   (Slf4jImpl.java:28)     - Checking to see if class com.dandelion.membership.dao.model.ReservationExample$GeneratedCriteria matches criteria [is assignable to Object]
=2014-03-11 18:57:53,922 DEBUG [main] io.ResolverUtil   (Slf4jImpl.java:28)     - Checking to see if class com.dandelion.membership.dao.model.ReservationForm matches criteria [is assignable to Object]
=2014-03-11 18:57:53,925 DEBUG [main] spring.SqlSessionFactoryBean (Slf4jImpl.java:28)     - Scanned package: 'com.dandelion.membership.dao.model' for aliases
=2014-03-11 18:57:53,927 DEBUG [main] spring.SqlSessionFactoryBean (Slf4jImpl.java:28)     - Property 'mapperLocations' was not specified or no matching resources found
=2014-03-11 18:57:54,225 INFO  [main] annotation.RequestMappingHandlerMapping (AbstractHandlerMethodMapping.java:186)     - Mapped "{[/Account/Login],methods=[],params=[],headers=[],consumes=[],produces=[],custom=[]}" onto public java.lang.String com.dandelion.membership.controller.AccountController.login(java.util.Locale,org.springframework.ui.Model,org.springframework.web.context.request.WebRequest)
=2014-03-11 18:57:54,227 INFO  [main] annotation.RequestMappingHandlerMapping (AbstractHandlerMethodMapping.java:186)     - Mapped "{[/Applicant/Apply],methods=[GET],params=[],headers=[],consumes=[],produces=[],custom=[]}" onto public java.lang.String com.dandelion.membership.controller.ApplicantController.apply(java.util.Locale,org.springframework.ui.Model)
=2014-03-11 18:57:54,232 INFO  [main] annotation.RequestMappingHandlerMapping (AbstractHandlerMethodMapping.java:186)     - Mapped "{[/Applicant/Submit],methods=[POST],params=[],headers=[],consumes=[],produces=[],custom=[]}" onto public java.lang.String com.dandelion.membership.controller.ApplicantController.ApplicantSubmit(java.util.Locale,org.springframework.ui.Model,org.springframework.web.context.request.WebRequest) throws java.text.ParseException
=2014-03-11 18:57:54,234 INFO  [main] annotation.RequestMappingHandlerMapping (AbstractHandlerMethodMapping.java:186)     - Mapped "{[/Approval/Select],methods=[],params=[],headers=[],consumes=[],produces=[],custom=[]}" onto public org.springframework.web.servlet.ModelAndView com.dandelion.membership.controller.ApprovalController.selectApplicant(java.util.Locale,org.springframework.ui.Model,org.springframework.web.context.request.WebRequest)
=2014-03-11 18:57:54,235 INFO  [main] annotation.RequestMappingHandlerMapping (AbstractHandlerMethodMapping.java:186)     - Mapped "{[/Approval/Save],methods=[],params=[],headers=[],consumes=[],produces=[],custom=[]}" onto public org.springframework.web.servlet.ModelAndView com.dandelion.membership.controller.ApprovalController.approval(com.dandelion.membership.dao.model.ApplicantForm)
=2014-03-11 18:57:54,238 INFO  [main] annotation.RequestMappingHandlerMapping (AbstractHandlerMethodMapping.java:186)     - Mapped "{[/api/dianping/veneus],methods=[GET],params=[],headers=[],consumes=[],produces=[],custom=[]}" onto public org.springframework.http.ResponseEntity<com.dandelion.membership.hackathonmodel.VeneusListResponse> com.dandelion.membership.controller.DianpingController.getVeneus(java.lang.String,org.springframework.web.context.request.WebRequest) throws java.lang.Exception
=2014-03-11 18:57:54,239 INFO  [main] annotation.RequestMappingHandlerMapping (AbstractHandlerMethodMapping.java:186)     - Mapped "{[/api/dianping/accesstoken],methods=[GET],params=[],headers=[],consumes=[],produces=[],custom=[]}" onto public org.springframework.http.ResponseEntity<java.lang.String> com.dandelion.membership.controller.DianpingController.getAccessToken(java.lang.String,javax.servlet.http.HttpServletResponse) throws java.lang.Exception
=2014-03-11 18:57:54,239 INFO  [main] annotation.RequestMappingHandlerMapping (AbstractHandlerMethodMapping.java:186)     - Mapped "{[/api/dianping/finish],methods=[GET],params=[],headers=[],consumes=[],produces=[],custom=[]}" onto public java.lang.String com.dandelion.membership.controller.DianpingController.closeTab(java.lang.String,javax.servlet.http.HttpServletResponse) throws java.lang.Exception
=2014-03-11 18:57:54,240 INFO  [main] annotation.RequestMappingHandlerMapping (AbstractHandlerMethodMapping.java:186)     - Mapped "{[/api/dianping/business],methods=[GET],params=[],headers=[],consumes=[],produces=[],custom=[]}" onto public org.springframework.http.ResponseEntity<com.dandelion.membership.hackathonmodel.VeneusListResponse> com.dandelion.membership.controller.DianpingController.findbusiness(java.lang.String,org.springframework.web.context.request.WebRequest,javax.servlet.http.HttpServletResponse) throws java.lang.Exception
=2014-03-11 18:57:54,241 INFO  [main] annotation.RequestMappingHandlerMapping (AbstractHandlerMethodMapping.java:186)     - Mapped "{[/api/dianping/deals],methods=[GET],params=[],headers=[],consumes=[],produces=[],custom=[]}" onto public org.springframework.http.ResponseEntity<com.dandelion.membership.hackathonmodel.VeneusListResponse> com.dandelion.membership.controller.DianpingController.finddeals(java.lang.String,org.springframework.web.context.request.WebRequest,javax.servlet.http.HttpServletResponse) throws java.lang.Exception
=2014-03-11 18:57:54,243 INFO  [main] annotation.RequestMappingHandlerMapping (AbstractHandlerMethodMapping.java:186)     - Mapped "{[/Field/Submit],methods=[POST],params=[],headers=[],consumes=[],produces=[],custom=[]}" onto public java.lang.String com.dandelion.membership.controller.FieldController.reservationSubmit(org.springframework.web.context.request.WebRequest) throws java.text.ParseException,com.dandelion.membership.exception.MembershipException
=2014-03-11 18:57:54,245 INFO  [main] annotation.RequestMappingHandlerMapping (AbstractHandlerMethodMapping.java:186)     - Mapped "{[/Field/Insert],methods=[GET],params=[],headers=[],consumes=[],produces=[],custom=[]}" onto public java.lang.String com.dandelion.membership.controller.FieldController.insert() throws java.text.ParseException,com.dandelion.membership.exception.MembershipException
=2014-03-11 18:57:54,246 INFO  [main] annotation.RequestMappingHandlerMapping (AbstractHandlerMethodMapping.java:186)     - Mapped "{[/Field/Show],methods=[GET],params=[],headers=[],consumes=[],produces=[],custom=[]}" onto public java.lang.String com.dandelion.membership.controller.FieldController.show()
=2014-03-11 18:57:54,247 INFO  [main] annotation.RequestMappingHandlerMapping (AbstractHandlerMethodMapping.java:186)     - Mapped "{[/],methods=[GET],params=[],headers=[],consumes=[],produces=[],custom=[]}" onto public java.lang.String com.dandelion.membership.controller.HomeController.login(java.util.Locale,org.springframework.ui.Model)
=2014-03-11 18:57:54,248 INFO  [main] annotation.RequestMappingHandlerMapping (AbstractHandlerMethodMapping.java:186)     - Mapped "{[/Home],methods=[GET],params=[],headers=[],consumes=[],produces=[],custom=[]}" onto public java.lang.String com.dandelion.membership.controller.HomeController.home(java.util.Locale,org.springframework.ui.Model)
=2014-03-11 18:57:54,249 INFO  [main] annotation.RequestMappingHandlerMapping (AbstractHandlerMethodMapping.java:186)     - Mapped "{[/Member/Select],methods=[],params=[],headers=[],consumes=[],produces=[],custom=[]}" onto public org.springframework.web.servlet.ModelAndView com.dandelion.membership.controller.MemberController.selectApplicant(java.util.Locale,org.springframework.ui.Model,org.springframework.web.context.request.WebRequest)
=2014-03-11 18:57:54,252 INFO  [main] annotation.RequestMappingHandlerMapping (AbstractHandlerMethodMapping.java:186)     - Mapped "{[/api/mingdao/test],methods=[GET],params=[],headers=[],consumes=[],produces=[],custom=[]}" onto public org.springframework.http.ResponseEntity<java.lang.String> com.dandelion.membership.controller.MingdaoController.loginAnonymous(java.lang.String,org.springframework.web.context.request.WebRequest) throws java.lang.Exception
=2014-03-11 18:57:54,253 INFO  [main] annotation.RequestMappingHandlerMapping (AbstractHandlerMethodMapping.java:186)     - Mapped "{[/api/mingdao/success],methods=[GET],params=[],headers=[],consumes=[],produces=[],custom=[]}" onto public java.lang.String com.dandelion.membership.controller.MingdaoController.authSuccess(java.lang.String,org.springframework.web.context.request.WebRequest,javax.servlet.http.HttpServletResponse) throws java.lang.Exception
=2014-03-11 18:57:54,253 INFO  [main] annotation.RequestMappingHandlerMapping (AbstractHandlerMethodMapping.java:186)     - Mapped "{[/api/mingdao/index],methods=[GET],params=[],headers=[],consumes=[],produces=[],custom=[]}" onto public java.lang.String com.dandelion.membership.controller.MingdaoController.index(java.lang.String,org.springframework.web.context.request.WebRequest) throws java.lang.Exception
=2014-03-11 18:57:54,256 INFO  [main] annotation.RequestMappingHandlerMapping (AbstractHandlerMethodMapping.java:186)     - Mapped "{[/Reservation/Select],methods=[],params=[],headers=[],consumes=[],produces=[],custom=[]}" onto public org.springframework.web.servlet.ModelAndView com.dandelion.membership.controller.ReservationController.selectApplicant()
=2014-03-11 18:57:54,257 INFO  [main] annotation.RequestMappingHandlerMapping (AbstractHandlerMethodMapping.java:186)     - Mapped "{[/Reservation/Save],methods=[],params=[],headers=[],consumes=[],produces=[],custom=[]}" onto public org.springframework.web.servlet.ModelAndView com.dandelion.membership.controller.ReservationController.approval(com.dandelion.membership.dao.model.ReservationForm)
=2014-03-11 18:57:54,257 INFO  [main] annotation.RequestMappingHandlerMapping (AbstractHandlerMethodMapping.java:186)     - Mapped "{[/Reservation/Reserve],methods=[GET],params=[],headers=[],consumes=[],produces=[],custom=[]}" onto public java.lang.String com.dandelion.membership.controller.ReservationController.reserve(org.springframework.web.context.request.WebRequest) throws org.json.JSONException
=2014-03-11 18:57:54,258 INFO  [main] annotation.RequestMappingHandlerMapping (AbstractHandlerMethodMapping.java:186)     - Mapped "{[/Reservation/Query],methods=[GET],params=[],headers=[],consumes=[],produces=[],custom=[]}" onto public org.springframework.web.servlet.ModelAndView com.dandelion.membership.controller.ReservationController.selectEvent(org.springframework.web.context.request.WebRequest) throws org.json.JSONException
=2014-03-11 18:57:54,258 INFO  [main] annotation.RequestMappingHandlerMapping (AbstractHandlerMethodMapping.java:186)     - Mapped "{[/Reservation/Submit],methods=[POST],params=[],headers=[],consumes=[],produces=[],custom=[]}" onto public java.lang.String com.dandelion.membership.controller.ReservationController.ReservationSubmit(org.springframework.web.context.request.WebRequest) throws java.text.ParseException,com.dandelion.membership.exception.MembershipException
=2014-03-11 18:57:54,259 INFO  [main] annotation.RequestMappingHandlerMapping (AbstractHandlerMethodMapping.java:186)     - Mapped "{[/Reservation/Show],methods=[GET],params=[],headers=[],consumes=[],produces=[],custom=[]}" onto public java.lang.String com.dandelion.membership.controller.ReservationController.show()
=2014-03-11 18:57:54,260 INFO  [main] annotation.RequestMappingHandlerMapping (AbstractHandlerMethodMapping.java:186)     - Mapped "{[/api/url/catalogue],methods=[GET],params=[],headers=[],consumes=[],produces=[],custom=[]}" onto public org.springframework.http.ResponseEntity<com.dandelion.membership.hackathonmodel.UrlCatalogueResponse> com.dandelion.membership.controller.UrlController.getCatalogue(java.lang.String,org.springframework.web.context.request.WebRequest,javax.servlet.http.HttpServletResponse) throws java.lang.Exception
=2014-03-11 18:57:54,709 INFO  [main] handler.SimpleUrlHandlerMapping (AbstractUrlHandlerMapping.java:315)     - Mapped URL path [/resources/**] onto handler 'org.springframework.web.servlet.resource.ResourceHttpRequestHandler#0'
=2014-03-11 18:57:54,848 DEBUG [main] jndi.JndiTemplate (JndiTemplate.java:150)     - Looking up JNDI object with name [java:comp/env/spring.liveBeansView.mbeanDomain]
=2014-03-11 18:57:54,849 DEBUG [main] jndi.JndiLocatorDelegate (JndiLocatorSupport.java:101)     - Converted JNDI name [java:comp/env/spring.liveBeansView.mbeanDomain] not found - trying original name [spring.liveBeansView.mbeanDomain]. javax.naming.NameNotFoundException: Name spring.liveBeansView.mbeanDomain is not bound in this Context
=2014-03-11 18:57:54,850 DEBUG [main] jndi.JndiTemplate (JndiTemplate.java:150)     - Looking up JNDI object with name [spring.liveBeansView.mbeanDomain]
=2014-03-11 18:57:54,851 DEBUG [main] jndi.JndiPropertySource (JndiPropertySource.java:87)     - JNDI lookup for name [spring.liveBeansView.mbeanDomain] threw NamingException with message: Name spring.liveBeansView.mbeanDomain is not bound in this Context. Returning null.
=2014-03-11 18:57:54,851 INFO  [main] servlet.DispatcherServlet (FrameworkServlet.java:472)     - FrameworkServlet 'appServlet': initialization completed in 2075 ms
=2014-03-11 19:13:12,291 INFO  [http-8080-1] interceptors.DebugDumpInterceptor (DebugDumpInterceptor.java:17)     - <<<<<<<<<<<< Start Request: /indefensible-launcher/ >>>>>>>>>>>>
=2014-03-11 19:13:12,324 INFO  [http-8080-1] controller.HomeController (HomeController.java:27)     - Welcome home! The client locale is zh_CN.
=2014-03-11 19:13:12,329 INFO  [http-8080-1] interceptors.DebugDumpInterceptor (DebugDumpInterceptor.java:29)     - >>>>>>>>>>>>End Request: /indefensible-launcher/ 
=2014-03-11 19:13:13,753 INFO  [http-8080-1] interceptors.RequestTimeCalculatorInterceptor (RequestTimeCalculatorInterceptor.java:29)     - Request time: 1456ms
=2014-03-11 19:13:13,918 INFO  [http-8080-1] interceptors.DebugDumpInterceptor (DebugDumpInterceptor.java:17)     - <<<<<<<<<<<< Start Request: /indefensible-launcher/resources/css/bootstrap.css >>>>>>>>>>>>
=2014-03-11 19:13:13,926 INFO  [http-8080-2] interceptors.DebugDumpInterceptor (DebugDumpInterceptor.java:17)     - <<<<<<<<<<<< Start Request: /indefensible-launcher/resources/css/signin.css >>>>>>>>>>>>
=2014-03-11 19:13:13,929 INFO  [http-8080-1] interceptors.DebugDumpInterceptor (DebugDumpInterceptor.java:29)     - >>>>>>>>>>>>End Request: /indefensible-launcher/resources/css/bootstrap.css 
=2014-03-11 19:13:13,931 INFO  [http-8080-1] interceptors.RequestTimeCalculatorInterceptor (RequestTimeCalculatorInterceptor.java:29)     - Request time: 11ms
=2014-03-11 19:13:13,931 INFO  [http-8080-2] interceptors.DebugDumpInterceptor (DebugDumpInterceptor.java:29)     - >>>>>>>>>>>>End Request: /indefensible-launcher/resources/css/signin.css 
=2014-03-11 19:13:13,933 INFO  [http-8080-2] interceptors.RequestTimeCalculatorInterceptor (RequestTimeCalculatorInterceptor.java:29)     - Request time: 2ms
=2014-03-11 19:13:13,950 INFO  [http-8080-2] interceptors.DebugDumpInterceptor (DebugDumpInterceptor.java:17)     - <<<<<<<<<<<< Start Request: /indefensible-launcher/resources/js/jquery.js >>>>>>>>>>>>
=2014-03-11 19:13:13,965 INFO  [http-8080-1] interceptors.DebugDumpInterceptor (DebugDumpInterceptor.java:17)     - <<<<<<<<<<<< Start Request: /indefensible-launcher/resources/js/bootstrap.js >>>>>>>>>>>>
=2014-03-11 19:13:14,038 INFO  [http-8080-3] interceptors.DebugDumpInterceptor (DebugDumpInterceptor.java:17)     - <<<<<<<<<<<< Start Request: /indefensible-launcher/resources/js/bootstrap-datetimepicker.min.js >>>>>>>>>>>>
=2014-03-11 19:13:13,995 INFO  [http-8080-2] interceptors.DebugDumpInterceptor (DebugDumpInterceptor.java:29)     - >>>>>>>>>>>>End Request: /indefensible-launcher/resources/js/jquery.js 
=2014-03-11 19:13:14,081 INFO  [http-8080-1] interceptors.DebugDumpInterceptor (DebugDumpInterceptor.java:29)     - >>>>>>>>>>>>End Request: /indefensible-launcher/resources/js/bootstrap.js 
=2014-03-11 19:13:14,042 INFO  [http-8080-4] interceptors.DebugDumpInterceptor (DebugDumpInterceptor.java:17)     - <<<<<<<<<<<< Start Request: /indefensible-launcher/resources/js/jquery.form.js >>>>>>>>>>>>
=2014-03-11 19:13:14,103 INFO  [http-8080-1] interceptors.RequestTimeCalculatorInterceptor (RequestTimeCalculatorInterceptor.java:29)     - Request time: 65ms
=2014-03-11 19:13:14,103 INFO  [http-8080-2] interceptors.RequestTimeCalculatorInterceptor (RequestTimeCalculatorInterceptor.java:29)     - Request time: 111ms
=2014-03-11 19:13:14,155 INFO  [http-8080-4] interceptors.DebugDumpInterceptor (DebugDumpInterceptor.java:29)     - >>>>>>>>>>>>End Request: /indefensible-launcher/resources/js/jquery.form.js 
=2014-03-11 19:13:14,156 INFO  [http-8080-3] interceptors.DebugDumpInterceptor (DebugDumpInterceptor.java:29)     - >>>>>>>>>>>>End Request: /indefensible-launcher/resources/js/bootstrap-datetimepicker.min.js 
=2014-03-11 19:13:14,173 INFO  [http-8080-3] interceptors.RequestTimeCalculatorInterceptor (RequestTimeCalculatorInterceptor.java:29)     - Request time: 90ms
=2014-03-11 19:13:14,173 INFO  [http-8080-4] interceptors.RequestTimeCalculatorInterceptor (RequestTimeCalculatorInterceptor.java:29)     - Request time: 70ms
=2014-03-11 19:13:14,595 INFO  [http-8080-4] interceptors.DebugDumpInterceptor (DebugDumpInterceptor.java:17)     - <<<<<<<<<<<< Start Request: /indefensible-launcher/resources/img/favicon.jpg >>>>>>>>>>>>
=2014-03-11 19:13:14,596 INFO  [http-8080-4] interceptors.DebugDumpInterceptor (DebugDumpInterceptor.java:29)     - >>>>>>>>>>>>End Request: /indefensible-launcher/resources/img/favicon.jpg 
=2014-03-11 19:13:14,597 INFO  [http-8080-4] interceptors.RequestTimeCalculatorInterceptor (RequestTimeCalculatorInterceptor.java:29)     - Request time: 1ms
=2014-03-11 19:13:18,907 INFO  [http-8080-4] interceptors.DebugDumpInterceptor (DebugDumpInterceptor.java:17)     - <<<<<<<<<<<< Start Request: /indefensible-launcher/Account/Login >>>>>>>>>>>>
=2014-03-11 19:13:18,909 INFO  [http-8080-4] controller.AccountController (AccountController.java:24)     - Welcome home! The client locale is zh_CN.
=2014-03-11 19:13:18,910 INFO  [http-8080-4] interceptors.DebugDumpInterceptor (DebugDumpInterceptor.java:29)     - >>>>>>>>>>>>End Request: /indefensible-launcher/Account/Login 
=2014-03-11 19:13:19,118 INFO  [http-8080-4] interceptors.RequestTimeCalculatorInterceptor (RequestTimeCalculatorInterceptor.java:29)     - Request time: 210ms
=2014-03-11 19:13:19,129 INFO  [http-8080-4] interceptors.DebugDumpInterceptor (DebugDumpInterceptor.java:17)     - <<<<<<<<<<<< Start Request: /indefensible-launcher/Approval/Select >>>>>>>>>>>>
=2014-03-11 19:13:19,150 DEBUG [http-8080-4] datasource.DataSourceUtils (DataSourceUtils.java:110)     - Fetching JDBC Connection from DataSource
=2014-03-11 19:13:19,151 DEBUG [http-8080-4] datasource.DriverManagerDataSource (DriverManagerDataSource.java:162)     - Creating new JDBC DriverManager Connection to [jdbc:mysql://10.135.63.32:3306/chrome_launcher?user=oopassuser&password=wj6jzrhp&autoReconnect=true&failOverReadOnly=false&characterEncoding=utf8]
=2014-03-11 19:13:19,862 DEBUG [http-8080-4] spring.SqlSessionUtils (Slf4jImpl.java:28)     - Creating SqlSession with JDBC Connection [com.mysql.jdbc.JDBC4Connection@10f94a0]
=2014-03-11 19:13:19,864 DEBUG [http-8080-4] sql.Connection    (Slf4jImpl.java:28)     - ooo Connection Opened
=2014-03-11 19:13:19,869 DEBUG [http-8080-4] transaction.SpringManagedTransaction (Slf4jImpl.java:28)     - JDBC Connection [com.mysql.jdbc.JDBC4Connection@10f94a0] will not be managed by Spring
=2014-03-11 19:13:19,878 DEBUG [http-8080-4] spring.SqlSessionUtils (Slf4jImpl.java:28)     - SqlSession [org.apache.ibatis.session.defaults.DefaultSqlSession@f38f09] was not registered for synchronization because synchronization is not active
=2014-03-11 19:13:20,130 DEBUG [http-8080-4] sql.PreparedStatement (Slf4jImpl.java:28)     - ==>  Executing: Select * from tb_applicant t where t.ismember = 0 
=2014-03-11 19:13:20,133 DEBUG [http-8080-4] sql.PreparedStatement (Slf4jImpl.java:28)     - ==> Parameters: 
=2014-03-11 19:13:20,160 DEBUG [http-8080-4] sql.ResultSet     (Slf4jImpl.java:28)     - <==    Columns: ID, applicantName, applyDate, referrerName, creditCardNumber, memberType, CreatedDate, ModifiedDate, IsDeleted, status, IsMember, IsReferrerTrue, applicantEmail
=2014-03-11 19:13:20,169 DEBUG [http-8080-4] sql.ResultSet     (Slf4jImpl.java:28)     - <==        Row: 19, 朱枫翔, 2013-11-01, 大业, 330, A等T, 2013-11-13 22:40:07.0, 2014-02-28 16:46:19.0, 0, defer, 0, 0, example@example.com
=2014-03-11 19:13:20,171 DEBUG [http-8080-4] sql.ResultSet     (Slf4jImpl.java:28)     - <==        Row: 44, Yan, 2013-11-23, 飞飞, 1234567890, A等T, 2013-11-23 22:15:50.0, 2014-02-28 16:46:19.0, 0, deny, 0, 0, example@example.com
=2014-03-11 19:13:20,177 DEBUG [http-8080-4] sql.ResultSet     (Slf4jImpl.java:28)     - <==        Row: 45, huihui, 2013-12-03, cc, 3478, A等T, 2013-12-02 23:05:29.0, 2014-02-28 16:46:19.0, 0, additionalInfo, 0, 0, example@example.com
=2014-03-11 19:13:20,179 DEBUG [http-8080-4] sql.ResultSet     (Slf4jImpl.java:28)     - <==        Row: 46, 杨若, 2013-12-04, 冯飞, 10101010101010, B等T, 2013-12-03 13:30:06.0, 2014-02-28 16:46:19.0, 0, todo, 0, 0, example@example.com
=2014-03-11 19:13:20,180 DEBUG [http-8080-4] sql.ResultSet     (Slf4jImpl.java:28)     - <==        Row: 48, will guo, 2013-12-03, dori, 03030303, A等T, 2013-12-03 13:49:47.0, 2014-02-28 16:46:19.0, 0, todo, 0, 0, example@example.com
=2014-03-11 19:13:20,181 DEBUG [http-8080-4] sql.ResultSet     (Slf4jImpl.java:28)     - <==        Row: 49, yan shijing, 2013-12-03, dori, 0909, A等T, 2013-12-03 13:53:33.0, 2014-02-28 16:46:19.0, 0, additionalInfo, 0, 0, example@example.com
=2014-03-11 19:13:20,182 DEBUG [http-8080-4] sql.ResultSet     (Slf4jImpl.java:28)     - <==        Row: 51, tommy, 2013-12-03, dori, 090909090, A等T, 2013-12-03 14:18:15.0, 2014-02-28 16:46:19.0, 0, additionalInfo, 0, 0, example@example.com
=2014-03-11 19:13:20,183 DEBUG [http-8080-4] sql.ResultSet     (Slf4jImpl.java:28)     - <==        Row: 52, sandy, 2013-12-03, dori, 090909090, A等T, 2013-12-03 14:29:43.0, 2014-02-28 16:46:19.0, 0, additionalInfo, 0, 0, example@example.com
=2014-03-11 19:13:20,184 DEBUG [http-8080-4] sql.ResultSet     (Slf4jImpl.java:28)     - <==        Row: 53, 朱枫翔, 2014-03-05, 是, 33, A等T, 2014-03-02 00:20:35.0, 2014-03-02 00:20:35.0, 0, todo, 0, 0, example@example.com
=2014-03-11 19:13:20,186 DEBUG [http-8080-4] spring.SqlSessionUtils (Slf4jImpl.java:28)     - Closing no transactional SqlSession [org.apache.ibatis.session.defaults.DefaultSqlSession@f38f09]
=2014-03-11 19:13:20,187 DEBUG [http-8080-4] datasource.DataSourceUtils (DataSourceUtils.java:327)     - Returning JDBC Connection to DataSource
=2014-03-11 19:13:20,191 DEBUG [http-8080-4] datasource.DataSourceUtils (DataSourceUtils.java:110)     - Fetching JDBC Connection from DataSource
=2014-03-11 19:13:20,192 DEBUG [http-8080-4] datasource.DriverManagerDataSource (DriverManagerDataSource.java:162)     - Creating new JDBC DriverManager Connection to [jdbc:mysql://10.135.63.32:3306/chrome_launcher?user=oopassuser&password=wj6jzrhp&autoReconnect=true&failOverReadOnly=false&characterEncoding=utf8]
=2014-03-11 19:13:20,293 DEBUG [http-8080-4] spring.SqlSessionUtils (Slf4jImpl.java:28)     - Creating SqlSession with JDBC Connection [com.mysql.jdbc.JDBC4Connection@581ea2]
=2014-03-11 19:13:20,293 DEBUG [http-8080-4] sql.Connection    (Slf4jImpl.java:28)     - ooo Connection Opened
=2014-03-11 19:13:20,293 DEBUG [http-8080-4] transaction.SpringManagedTransaction (Slf4jImpl.java:28)     - JDBC Connection [com.mysql.jdbc.JDBC4Connection@581ea2] will not be managed by Spring
=2014-03-11 19:13:20,294 DEBUG [http-8080-4] spring.SqlSessionUtils (Slf4jImpl.java:28)     - SqlSession [org.apache.ibatis.session.defaults.DefaultSqlSession@14340bb] was not registered for synchronization because synchronization is not active
=2014-03-11 19:13:20,297 DEBUG [http-8080-4] sql.PreparedStatement (Slf4jImpl.java:28)     - ==>  Executing: SELECT * FROM tb_applicant t where t.applicantName = ? and t.ismember = 1 ; 
=2014-03-11 19:13:20,298 DEBUG [http-8080-4] sql.PreparedStatement (Slf4jImpl.java:28)     - ==> Parameters: 大业(String)
=2014-03-11 19:13:20,304 DEBUG [http-8080-4] spring.SqlSessionUtils (Slf4jImpl.java:28)     - Closing no transactional SqlSession [org.apache.ibatis.session.defaults.DefaultSqlSession@14340bb]
=2014-03-11 19:13:20,304 DEBUG [http-8080-4] datasource.DataSourceUtils (DataSourceUtils.java:327)     - Returning JDBC Connection to DataSource
=2014-03-11 19:13:20,305 DEBUG [http-8080-4] datasource.DataSourceUtils (DataSourceUtils.java:110)     - Fetching JDBC Connection from DataSource
=2014-03-11 19:13:20,307 DEBUG [http-8080-4] datasource.DriverManagerDataSource (DriverManagerDataSource.java:162)     - Creating new JDBC DriverManager Connection to [jdbc:mysql://10.135.63.32:3306/chrome_launcher?user=oopassuser&password=wj6jzrhp&autoReconnect=true&failOverReadOnly=false&characterEncoding=utf8]
=2014-03-11 19:13:20,391 DEBUG [http-8080-4] spring.SqlSessionUtils (Slf4jImpl.java:28)     - Creating SqlSession with JDBC Connection [com.mysql.jdbc.JDBC4Connection@b0f24a]
=2014-03-11 19:13:20,392 DEBUG [http-8080-4] sql.Connection    (Slf4jImpl.java:28)     - ooo Connection Opened
=2014-03-11 19:13:20,393 DEBUG [http-8080-4] transaction.SpringManagedTransaction (Slf4jImpl.java:28)     - JDBC Connection [com.mysql.jdbc.JDBC4Connection@b0f24a] will not be managed by Spring
=2014-03-11 19:13:20,393 DEBUG [http-8080-4] spring.SqlSessionUtils (Slf4jImpl.java:28)     - SqlSession [org.apache.ibatis.session.defaults.DefaultSqlSession@f2ff9b] was not registered for synchronization because synchronization is not active
=2014-03-11 19:13:20,394 DEBUG [http-8080-4] sql.PreparedStatement (Slf4jImpl.java:28)     - ==>  Executing: SELECT * FROM tb_applicant t where t.applicantName = ? and t.ismember = 1 ; 
=2014-03-11 19:13:20,394 DEBUG [http-8080-4] sql.PreparedStatement (Slf4jImpl.java:28)     - ==> Parameters: 飞飞(String)
=2014-03-11 19:13:20,415 DEBUG [http-8080-4] spring.SqlSessionUtils (Slf4jImpl.java:28)     - Closing no transactional SqlSession [org.apache.ibatis.session.defaults.DefaultSqlSession@f2ff9b]
=2014-03-11 19:13:20,416 DEBUG [http-8080-4] datasource.DataSourceUtils (DataSourceUtils.java:327)     - Returning JDBC Connection to DataSource
=2014-03-11 19:13:20,417 DEBUG [http-8080-4] datasource.DataSourceUtils (DataSourceUtils.java:110)     - Fetching JDBC Connection from DataSource
=2014-03-11 19:13:20,417 DEBUG [http-8080-4] datasource.DriverManagerDataSource (DriverManagerDataSource.java:162)     - Creating new JDBC DriverManager Connection to [jdbc:mysql://10.135.63.32:3306/chrome_launcher?user=oopassuser&password=wj6jzrhp&autoReconnect=true&failOverReadOnly=false&characterEncoding=utf8]
=2014-03-11 19:13:20,508 DEBUG [http-8080-4] spring.SqlSessionUtils (Slf4jImpl.java:28)     - Creating SqlSession with JDBC Connection [com.mysql.jdbc.JDBC4Connection@60e277]
=2014-03-11 19:13:20,508 DEBUG [http-8080-4] sql.Connection    (Slf4jImpl.java:28)     - ooo Connection Opened
=2014-03-11 19:13:20,509 DEBUG [http-8080-4] transaction.SpringManagedTransaction (Slf4jImpl.java:28)     - JDBC Connection [com.mysql.jdbc.JDBC4Connection@60e277] will not be managed by Spring
=2014-03-11 19:13:20,509 DEBUG [http-8080-4] spring.SqlSessionUtils (Slf4jImpl.java:28)     - SqlSession [org.apache.ibatis.session.defaults.DefaultSqlSession@b40443] was not registered for synchronization because synchronization is not active
=2014-03-11 19:13:20,510 DEBUG [http-8080-4] sql.PreparedStatement (Slf4jImpl.java:28)     - ==>  Executing: SELECT * FROM tb_applicant t where t.applicantName = ? and t.ismember = 1 ; 
=2014-03-11 19:13:20,511 DEBUG [http-8080-4] sql.PreparedStatement (Slf4jImpl.java:28)     - ==> Parameters: cc(String)
=2014-03-11 19:13:20,522 DEBUG [http-8080-4] spring.SqlSessionUtils (Slf4jImpl.java:28)     - Closing no transactional SqlSession [org.apache.ibatis.session.defaults.DefaultSqlSession@b40443]
=2014-03-11 19:13:20,523 DEBUG [http-8080-4] datasource.DataSourceUtils (DataSourceUtils.java:327)     - Returning JDBC Connection to DataSource
=2014-03-11 19:13:20,526 DEBUG [http-8080-4] datasource.DataSourceUtils (DataSourceUtils.java:110)     - Fetching JDBC Connection from DataSource
=2014-03-11 19:13:20,527 DEBUG [http-8080-4] datasource.DriverManagerDataSource (DriverManagerDataSource.java:162)     - Creating new JDBC DriverManager Connection to [jdbc:mysql://10.135.63.32:3306/chrome_launcher?user=oopassuser&password=wj6jzrhp&autoReconnect=true&failOverReadOnly=false&characterEncoding=utf8]
=2014-03-11 19:13:20,601 DEBUG [http-8080-4] spring.SqlSessionUtils (Slf4jImpl.java:28)     - Creating SqlSession with JDBC Connection [com.mysql.jdbc.JDBC4Connection@be6858]
=2014-03-11 19:13:20,601 DEBUG [http-8080-4] sql.Connection    (Slf4jImpl.java:28)     - ooo Connection Opened
=2014-03-11 19:13:20,602 DEBUG [http-8080-4] transaction.SpringManagedTransaction (Slf4jImpl.java:28)     - JDBC Connection [com.mysql.jdbc.JDBC4Connection@be6858] will not be managed by Spring
=2014-03-11 19:13:20,602 DEBUG [http-8080-4] spring.SqlSessionUtils (Slf4jImpl.java:28)     - SqlSession [org.apache.ibatis.session.defaults.DefaultSqlSession@b471fe] was not registered for synchronization because synchronization is not active
=2014-03-11 19:13:20,603 DEBUG [http-8080-4] sql.PreparedStatement (Slf4jImpl.java:28)     - ==>  Executing: SELECT * FROM tb_applicant t where t.applicantName = ? and t.ismember = 1 ; 
=2014-03-11 19:13:20,603 DEBUG [http-8080-4] sql.PreparedStatement (Slf4jImpl.java:28)     - ==> Parameters: 冯飞(String)
=2014-03-11 19:13:20,608 DEBUG [http-8080-4] sql.ResultSet     (Slf4jImpl.java:28)     - <==    Columns: ID, applicantName, applyDate, referrerName, creditCardNumber, memberType, CreatedDate, ModifiedDate, IsDeleted, status, IsMember, IsReferrerTrue, applicantEmail
=2014-03-11 19:13:20,609 DEBUG [http-8080-4] sql.ResultSet     (Slf4jImpl.java:28)     - <==        Row: 4, 冯飞, 2008-11-05, 朱枫翔, 320106, B等T, 2013-11-08 23:51:49.0, 2013-12-03 13:34:39.0, 0, accept, 1, 0, example@example.com
=2014-03-11 19:13:20,611 DEBUG [http-8080-4] spring.SqlSessionUtils (Slf4jImpl.java:28)     - Closing no transactional SqlSession [org.apache.ibatis.session.defaults.DefaultSqlSession@b471fe]
=2014-03-11 19:13:20,612 DEBUG [http-8080-4] datasource.DataSourceUtils (DataSourceUtils.java:327)     - Returning JDBC Connection to DataSource
=2014-03-11 19:13:20,613 DEBUG [http-8080-4] datasource.DataSourceUtils (DataSourceUtils.java:110)     - Fetching JDBC Connection from DataSource
=2014-03-11 19:13:20,614 DEBUG [http-8080-4] datasource.DriverManagerDataSource (DriverManagerDataSource.java:162)     - Creating new JDBC DriverManager Connection to [jdbc:mysql://10.135.63.32:3306/chrome_launcher?user=oopassuser&password=wj6jzrhp&autoReconnect=true&failOverReadOnly=false&characterEncoding=utf8]
=2014-03-11 19:13:20,703 DEBUG [http-8080-4] spring.SqlSessionUtils (Slf4jImpl.java:28)     - Creating SqlSession with JDBC Connection [com.mysql.jdbc.JDBC4Connection@905b34]
=2014-03-11 19:13:20,704 DEBUG [http-8080-4] sql.Connection    (Slf4jImpl.java:28)     - ooo Connection Opened
=2014-03-11 19:13:20,704 DEBUG [http-8080-4] transaction.SpringManagedTransaction (Slf4jImpl.java:28)     - JDBC Connection [com.mysql.jdbc.JDBC4Connection@905b34] will not be managed by Spring
=2014-03-11 19:13:20,707 DEBUG [http-8080-4] spring.SqlSessionUtils (Slf4jImpl.java:28)     - SqlSession [org.apache.ibatis.session.defaults.DefaultSqlSession@17c760b] was not registered for synchronization because synchronization is not active
=2014-03-11 19:13:20,708 DEBUG [http-8080-4] sql.PreparedStatement (Slf4jImpl.java:28)     - ==>  Executing: SELECT * FROM tb_applicant t where t.applicantName = ? and t.ismember = 1 ; 
=2014-03-11 19:13:20,709 DEBUG [http-8080-4] sql.PreparedStatement (Slf4jImpl.java:28)     - ==> Parameters: dori(String)
=2014-03-11 19:13:20,715 DEBUG [http-8080-4] spring.SqlSessionUtils (Slf4jImpl.java:28)     - Closing no transactional SqlSession [org.apache.ibatis.session.defaults.DefaultSqlSession@17c760b]
=2014-03-11 19:13:20,716 DEBUG [http-8080-4] datasource.DataSourceUtils (DataSourceUtils.java:327)     - Returning JDBC Connection to DataSource
=2014-03-11 19:13:20,716 DEBUG [http-8080-4] datasource.DataSourceUtils (DataSourceUtils.java:110)     - Fetching JDBC Connection from DataSource
=2014-03-11 19:13:20,717 DEBUG [http-8080-4] datasource.DriverManagerDataSource (DriverManagerDataSource.java:162)     - Creating new JDBC DriverManager Connection to [jdbc:mysql://10.135.63.32:3306/chrome_launcher?user=oopassuser&password=wj6jzrhp&autoReconnect=true&failOverReadOnly=false&characterEncoding=utf8]
=2014-03-11 19:13:20,781 DEBUG [http-8080-4] spring.SqlSessionUtils (Slf4jImpl.java:28)     - Creating SqlSession with JDBC Connection [com.mysql.jdbc.JDBC4Connection@4f7bc2]
=2014-03-11 19:13:20,787 DEBUG [http-8080-4] sql.Connection    (Slf4jImpl.java:28)     - ooo Connection Opened
=2014-03-11 19:13:20,797 DEBUG [http-8080-4] transaction.SpringManagedTransaction (Slf4jImpl.java:28)     - JDBC Connection [com.mysql.jdbc.JDBC4Connection@4f7bc2] will not be managed by Spring
=2014-03-11 19:13:20,799 DEBUG [http-8080-4] spring.SqlSessionUtils (Slf4jImpl.java:28)     - SqlSession [org.apache.ibatis.session.defaults.DefaultSqlSession@1687dcd] was not registered for synchronization because synchronization is not active
=2014-03-11 19:13:20,801 DEBUG [http-8080-4] sql.PreparedStatement (Slf4jImpl.java:28)     - ==>  Executing: SELECT * FROM tb_applicant t where t.applicantName = ? and t.ismember = 1 ; 
=2014-03-11 19:13:20,802 DEBUG [http-8080-4] sql.PreparedStatement (Slf4jImpl.java:28)     - ==> Parameters: dori(String)
=2014-03-11 19:13:20,813 DEBUG [http-8080-4] spring.SqlSessionUtils (Slf4jImpl.java:28)     - Closing no transactional SqlSession [org.apache.ibatis.session.defaults.DefaultSqlSession@1687dcd]
=2014-03-11 19:13:20,814 DEBUG [http-8080-4] datasource.DataSourceUtils (DataSourceUtils.java:327)     - Returning JDBC Connection to DataSource
=2014-03-11 19:13:20,815 DEBUG [http-8080-4] datasource.DataSourceUtils (DataSourceUtils.java:110)     - Fetching JDBC Connection from DataSource
=2014-03-11 19:13:20,815 DEBUG [http-8080-4] datasource.DriverManagerDataSource (DriverManagerDataSource.java:162)     - Creating new JDBC DriverManager Connection to [jdbc:mysql://10.135.63.32:3306/chrome_launcher?user=oopassuser&password=wj6jzrhp&autoReconnect=true&failOverReadOnly=false&characterEncoding=utf8]
=2014-03-11 19:13:23,896 DEBUG [http-8080-4] spring.SqlSessionUtils (Slf4jImpl.java:28)     - Creating SqlSession with JDBC Connection [com.mysql.jdbc.JDBC4Connection@1c9076d]
=2014-03-11 19:13:23,899 DEBUG [http-8080-4] sql.Connection    (Slf4jImpl.java:28)     - ooo Connection Opened
=2014-03-11 19:13:23,903 DEBUG [http-8080-4] transaction.SpringManagedTransaction (Slf4jImpl.java:28)     - JDBC Connection [com.mysql.jdbc.JDBC4Connection@1c9076d] will not be managed by Spring
=2014-03-11 19:13:23,905 DEBUG [http-8080-4] spring.SqlSessionUtils (Slf4jImpl.java:28)     - SqlSession [org.apache.ibatis.session.defaults.DefaultSqlSession@106870c] was not registered for synchronization because synchronization is not active
=2014-03-11 19:13:23,905 DEBUG [http-8080-4] sql.PreparedStatement (Slf4jImpl.java:28)     - ==>  Executing: SELECT * FROM tb_applicant t where t.applicantName = ? and t.ismember = 1 ; 
=2014-03-11 19:13:23,906 DEBUG [http-8080-4] sql.PreparedStatement (Slf4jImpl.java:28)     - ==> Parameters: dori(String)
=2014-03-11 19:13:23,918 DEBUG [http-8080-4] spring.SqlSessionUtils (Slf4jImpl.java:28)     - Closing no transactional SqlSession [org.apache.ibatis.session.defaults.DefaultSqlSession@106870c]
=2014-03-11 19:13:23,919 DEBUG [http-8080-4] datasource.DataSourceUtils (DataSourceUtils.java:327)     - Returning JDBC Connection to DataSource
=2014-03-11 19:13:23,920 DEBUG [http-8080-4] datasource.DataSourceUtils (DataSourceUtils.java:110)     - Fetching JDBC Connection from DataSource
=2014-03-11 19:13:23,921 DEBUG [http-8080-4] datasource.DriverManagerDataSource (DriverManagerDataSource.java:162)     - Creating new JDBC DriverManager Connection to [jdbc:mysql://10.135.63.32:3306/chrome_launcher?user=oopassuser&password=wj6jzrhp&autoReconnect=true&failOverReadOnly=false&characterEncoding=utf8]
=2014-03-11 19:13:23,992 DEBUG [http-8080-4] spring.SqlSessionUtils (Slf4jImpl.java:28)     - Creating SqlSession with JDBC Connection [com.mysql.jdbc.JDBC4Connection@33f45e]
=2014-03-11 19:13:24,009 DEBUG [http-8080-4] sql.Connection    (Slf4jImpl.java:28)     - ooo Connection Opened
=2014-03-11 19:13:24,011 DEBUG [http-8080-4] transaction.SpringManagedTransaction (Slf4jImpl.java:28)     - JDBC Connection [com.mysql.jdbc.JDBC4Connection@33f45e] will not be managed by Spring
=2014-03-11 19:13:24,012 DEBUG [http-8080-4] spring.SqlSessionUtils (Slf4jImpl.java:28)     - SqlSession [org.apache.ibatis.session.defaults.DefaultSqlSession@f04d94] was not registered for synchronization because synchronization is not active
=2014-03-11 19:13:24,012 DEBUG [http-8080-4] sql.PreparedStatement (Slf4jImpl.java:28)     - ==>  Executing: SELECT * FROM tb_applicant t where t.applicantName = ? and t.ismember = 1 ; 
=2014-03-11 19:13:24,013 DEBUG [http-8080-4] sql.PreparedStatement (Slf4jImpl.java:28)     - ==> Parameters: dori(String)
=2014-03-11 19:13:24,019 DEBUG [http-8080-4] spring.SqlSessionUtils (Slf4jImpl.java:28)     - Closing no transactional SqlSession [org.apache.ibatis.session.defaults.DefaultSqlSession@f04d94]
=2014-03-11 19:13:24,019 DEBUG [http-8080-4] datasource.DataSourceUtils (DataSourceUtils.java:327)     - Returning JDBC Connection to DataSource
=2014-03-11 19:13:24,020 DEBUG [http-8080-4] datasource.DataSourceUtils (DataSourceUtils.java:110)     - Fetching JDBC Connection from DataSource
=2014-03-11 19:13:24,020 DEBUG [http-8080-4] datasource.DriverManagerDataSource (DriverManagerDataSource.java:162)     - Creating new JDBC DriverManager Connection to [jdbc:mysql://10.135.63.32:3306/chrome_launcher?user=oopassuser&password=wj6jzrhp&autoReconnect=true&failOverReadOnly=false&characterEncoding=utf8]
=2014-03-11 19:13:24,087 DEBUG [http-8080-4] spring.SqlSessionUtils (Slf4jImpl.java:28)     - Creating SqlSession with JDBC Connection [com.mysql.jdbc.JDBC4Connection@b2f2d6]
=2014-03-11 19:13:24,090 DEBUG [http-8080-4] sql.Connection    (Slf4jImpl.java:28)     - ooo Connection Opened
=2014-03-11 19:13:24,090 DEBUG [http-8080-4] transaction.SpringManagedTransaction (Slf4jImpl.java:28)     - JDBC Connection [com.mysql.jdbc.JDBC4Connection@b2f2d6] will not be managed by Spring
=2014-03-11 19:13:24,091 DEBUG [http-8080-4] spring.SqlSessionUtils (Slf4jImpl.java:28)     - SqlSession [org.apache.ibatis.session.defaults.DefaultSqlSession@64cd4b] was not registered for synchronization because synchronization is not active
=2014-03-11 19:13:24,091 DEBUG [http-8080-4] sql.PreparedStatement (Slf4jImpl.java:28)     - ==>  Executing: SELECT * FROM tb_applicant t where t.applicantName = ? and t.ismember = 1 ; 
=2014-03-11 19:13:24,092 DEBUG [http-8080-4] sql.PreparedStatement (Slf4jImpl.java:28)     - ==> Parameters: 是(String)
=2014-03-11 19:13:24,099 DEBUG [http-8080-4] spring.SqlSessionUtils (Slf4jImpl.java:28)     - Closing no transactional SqlSession [org.apache.ibatis.session.defaults.DefaultSqlSession@64cd4b]
=2014-03-11 19:13:24,101 DEBUG [http-8080-4] datasource.DataSourceUtils (DataSourceUtils.java:327)     - Returning JDBC Connection to DataSource
=2014-03-11 19:13:24,102 INFO  [http-8080-4] controller.ApprovalController (ApprovalController.java:32)     - 9
=2014-03-11 19:13:24,113 INFO  [http-8080-4] interceptors.DebugDumpInterceptor (DebugDumpInterceptor.java:29)     - >>>>>>>>>>>>End Request: /indefensible-launcher/Approval/Select 
=2014-03-11 19:13:24,470 INFO  [http-8080-4] interceptors.RequestTimeCalculatorInterceptor (RequestTimeCalculatorInterceptor.java:29)     - Request time: 5335ms
=2014-03-11 19:13:30,332 INFO  [Thread-1] support.XmlWebApplicationContext (AbstractApplicationContext.java:1042)     - Closing WebApplicationContext for namespace 'appServlet-servlet': startup date [Tue Mar 11 18:57:52 CST 2014]; parent: Root WebApplicationContext
=2014-03-11 19:13:30,333 INFO  [Thread-1] support.DefaultListableBeanFactory (DefaultSingletonBeanRegistry.java:444)     - Destroying singletons in org.springframework.beans.factory.support.DefaultListableBeanFactory@1b45ddc: defining beans [org.springframework.web.servlet.mvc.annotation.AnnotationMethodHandlerAdapter#0,mvcContentNegotiationManager,org.springframework.web.servlet.mvc.method.annotation.RequestMappingHandlerMapping#0,org.springframework.format.support.FormattingConversionServiceFactoryBean#0,org.springframework.web.servlet.mvc.method.annotation.RequestMappingHandlerAdapter#0,org.springframework.web.servlet.handler.MappedInterceptor#0,org.springframework.web.servlet.mvc.method.annotation.ExceptionHandlerExceptionResolver#0,org.springframework.web.servlet.mvc.annotation.ResponseStatusExceptionResolver#0,org.springframework.web.servlet.mvc.support.DefaultHandlerExceptionResolver#0,org.springframework.web.servlet.handler.BeanNameUrlHandlerMapping,org.springframework.web.servlet.mvc.HttpRequestHandlerAdapter,org.springframework.web.servlet.mvc.SimpleControllerHandlerAdapter,org.springframework.web.servlet.resource.ResourceHttpRequestHandler#0,org.springframework.web.servlet.handler.SimpleUrlHandlerMapping#0,org.springframework.web.servlet.view.InternalResourceViewResolver#0,multipartResolver,accountController,applicantController,approvalController,dianpingController,fieldController,homeController,memberController,mingdaoController,reservationController,urlController,urlDao,applicantService,approvalService,dianpingService,fieldService,memberService,mingdaoService,reservationService,urlService,org.springframework.context.annotation.internalConfigurationAnnotationProcessor,org.springframework.context.annotation.internalAutowiredAnnotationProcessor,org.springframework.context.annotation.internalRequiredAnnotationProcessor,org.springframework.context.annotation.internalCommonAnnotationProcessor,org.springframework.context.support.PropertySourcesPlaceholderConfigurer#0,com.dandelion.membership.exception.WebserviceErrorResolver#0,dataSource,transactionManager,sqlSessionFactory,org.mybatis.spring.mapper.MapperScannerConfigurer#0,org.springframework.web.servlet.handler.MappedInterceptor#1,org.springframework.web.servlet.handler.MappedInterceptor#2,org.springframework.context.annotation.ConfigurationClassPostProcessor.importAwareProcessor,applicantMapper,calendarEventMapper,fieldMapper,membershipMapper,reservationMapper]; parent: org.springframework.beans.factory.support.DefaultListableBeanFactory@97aaa6
=2014-03-11 19:13:30,345 INFO  [Thread-1] support.XmlWebApplicationContext (AbstractApplicationContext.java:1042)     - Closing Root WebApplicationContext: startup date [Tue Mar 11 18:57:52 CST 2014]; root of context hierarchy
=2014-03-11 19:13:30,346 INFO  [Thread-1] support.DefaultListableBeanFactory (DefaultSingletonBeanRegistry.java:444)     - Destroying singletons in org.springframework.beans.factory.support.DefaultListableBeanFactory@97aaa6: defining beans []; root of factory hierarchy
